<?xml version="1.0" encoding="UTF-8"?>
<!-- Generated by org.testng.reporters.JUnitXMLReporter -->
<testsuite ignored="0" hostname="DESKTOP-DFUSD2B" failures="2" tests="9" name="ERPBankingPurna Test" time="58.382" errors="0" timestamp="2023-04-10T15:46:12 IST">
  <testcase classname="com.erpbanking.qa.testcases.Login" name="verifyLoginWithValidCredentials" time="1.596"/>
  <testcase classname="com.erpbanking.qa.testcases.Login" name="verifyLoginWithValidCredentials" time="1.284"/>
  <testcase classname="com.erpbanking.qa.testcases.Login" name="verifyLoginWithValidCredentials" time="1.19"/>
  <testcase classname="com.erpbanking.qa.testcases.Login" name="verifyLoginWithInvalidCredentials" time="3.547"/>
  <testcase classname="com.erpbanking.qa.testcases.Login" name="verifyLoginWithoutProvidingAnyCredentials" time="0.224"/>
  <testcase classname="com.erpbanking.qa.testcases.Login" name="verifyLoginWithValidUsernameAndInvalidPassword" time="0.491"/>
  <testcase classname="com.erpbanking.qa.testcases.Login" name="verifyLoginWithInvalidUsernameAndValidPassword" time="0.522"/>
  <testcase classname="com.erpbanking.qa.testcases.Dashboard" name="NewRequest" time="15.837">
    <failure type="org.openqa.selenium.ElementClickInterceptedException" message="element click intercepted: Element is not clickable at point (161, 656)
  (Session info: chrome=112.0.5615.50)
Build info: version: &amp;apos;4.8.3&amp;apos;, revision: &amp;apos;e5e76298c3&amp;apos;
System info: os.name: &amp;apos;Windows 10&amp;apos;, os.arch: &amp;apos;amd64&amp;apos;, os.version: &amp;apos;10.0&amp;apos;, java.version: &amp;apos;17.0.5&amp;apos;
Driver info: org.openqa.selenium.chrome.ChromeDriver
Command: [80d59e411e09359301dffc5825993919, clickElement {id=e33dfc89-1251-4b44-b43c-9c56e775d34f}]
Capabilities {acceptInsecureCerts: false, browserName: chrome, browserVersion: 112.0.5615.50, chrome: {chromedriverVersion: 112.0.5615.49 (bd2a7bcb881c..., userDataDir: C:\Users\dell\AppData\Local...}, goog:chromeOptions: {debuggerAddress: localhost:59866}, networkConnectionEnabled: false, pageLoadStrategy: normal, platformName: WINDOWS, proxy: Proxy(), se:cdp: ws://localhost:59866/devtoo..., se:cdpVersion: 112.0.5615.50, setWindowRect: true, strictFileInteractability: false, timeouts: {implicit: 0, pageLoad: 300000, script: 30000}, unhandledPromptBehavior: dismiss and notify, webauthn:extension:credBlob: true, webauthn:extension:largeBlob: true, webauthn:extension:minPinLength: true, webauthn:extension:prf: true, webauthn:virtualAuthenticators: true}
Element: [[ChromeDriver: chrome on WINDOWS (80d59e411e09359301dffc5825993919)] -&amp;gt; xpath: //div[@class=&amp;apos;form-group&amp;apos;]/following::button[@name=&amp;apos;echallan&amp;apos;]]
Session ID: 80d59e411e09359301dffc5825993919">
      <![CDATA[org.openqa.selenium.ElementClickInterceptedException: element click intercepted: Element is not clickable at point (161, 656)
  (Session info: chrome=112.0.5615.50)
Build info: version: '4.8.3', revision: 'e5e76298c3'
System info: os.name: 'Windows 10', os.arch: 'amd64', os.version: '10.0', java.version: '17.0.5'
Driver info: org.openqa.selenium.chrome.ChromeDriver
Command: [80d59e411e09359301dffc5825993919, clickElement {id=e33dfc89-1251-4b44-b43c-9c56e775d34f}]
Capabilities {acceptInsecureCerts: false, browserName: chrome, browserVersion: 112.0.5615.50, chrome: {chromedriverVersion: 112.0.5615.49 (bd2a7bcb881c..., userDataDir: C:\Users\dell\AppData\Local...}, goog:chromeOptions: {debuggerAddress: localhost:59866}, networkConnectionEnabled: false, pageLoadStrategy: normal, platformName: WINDOWS, proxy: Proxy(), se:cdp: ws://localhost:59866/devtoo..., se:cdpVersion: 112.0.5615.50, setWindowRect: true, strictFileInteractability: false, timeouts: {implicit: 0, pageLoad: 300000, script: 30000}, unhandledPromptBehavior: dismiss and notify, webauthn:extension:credBlob: true, webauthn:extension:largeBlob: true, webauthn:extension:minPinLength: true, webauthn:extension:prf: true, webauthn:virtualAuthenticators: true}
Element: [[ChromeDriver: chrome on WINDOWS (80d59e411e09359301dffc5825993919)] -> xpath: //div[@class='form-group']/following::button[@name='echallan']]
Session ID: 80d59e411e09359301dffc5825993919
at org.openqa.selenium.remote.codec.w3c.W3CHttpResponseCodec.createException(W3CHttpResponseCodec.java:200)
at org.openqa.selenium.remote.codec.w3c.W3CHttpResponseCodec.decode(W3CHttpResponseCodec.java:133)
at org.openqa.selenium.remote.codec.w3c.W3CHttpResponseCodec.decode(W3CHttpResponseCodec.java:53)
at org.openqa.selenium.remote.HttpCommandExecutor.execute(HttpCommandExecutor.java:193)
at org.openqa.selenium.remote.service.DriverCommandExecutor.invokeExecute(DriverCommandExecutor.java:183)
at org.openqa.selenium.remote.service.DriverCommandExecutor.execute(DriverCommandExecutor.java:158)
at org.openqa.selenium.remote.RemoteWebDriver.execute(RemoteWebDriver.java:543)
at org.openqa.selenium.remote.RemoteWebElement.execute(RemoteWebElement.java:257)
at org.openqa.selenium.remote.RemoteWebElement.click(RemoteWebElement.java:78)
at com.erpbanking.qa.testcases.Dashboard.NewRequest(Dashboard.java:82)
at java.base/java.util.ArrayList.forEach(ArrayList.java:1511)
... Removed 32 stack frames]]>
    </failure>
  </testcase> <!-- NewRequest -->
  <testcase classname="com.erpbanking.qa.testcases.Dashboard" name="NewRequest" time="18.341">
    <failure type="java.lang.NullPointerException">
      <![CDATA[java.lang.NullPointerException
at java.base/java.io.File.<init>(File.java:278)
at com.erpbanking.qa.utils.Utilities.captureScreenshot(Utilities.java:98)
at com.erpbanking.qa.listeners.MyListeners.onTestFailure(MyListeners.java:54)
at java.base/java.util.ArrayList.forEach(ArrayList.java:1511)
... Removed 24 stack frames]]>
    </failure>
  </testcase> <!-- NewRequest -->
</testsuite> <!-- ERPBankingPurna Test -->
